@0000000000000000
6C0E6E0E6C886E4B6E8AE4ADE26EE02F
6A83784428466A816C8C6C8C6C8C6C4F
00000E29E002390A186134007242324A
600D600D600D600D600D600D600D600D
BBCC99AA7788556633441122014800C2
600D600D600D600D600D600D600D600D
6DDD6CCD6BBD6AAD699D688D677D666D
600D600D600D600D600D600D600D600D
6A956E517414749272517010E456E217
BC091D46AA081D462D1218A12A566C12
00000E297805290018213C0016ED56E0
52205220522052205220522052205220
52205220522052205220522052205220
52205220522052205220522052205220
522051105FF05EE05DD05CC05BB05AA0
52205220522052205220522052205220
0FFF03F916FF68862C046C0068016A42
B77DB66DB55DB44DB33DB22DBADDBADD
BFFDBEEDBDDDBCCDBBBDBAADB99DB88D
BAADBAADBAADBAADBAADBAADBAADBAAD
BAADBAADBAADBAADBAADBAADBAADBAAD
BAADBAADBAADBAADBAADBAADBAADBAAD
BFFDBEEDBDDDBCCDBBBDBAADB99DB88D
BADDBADDBADDBADDBADDBADDBADDBADD
