Flow report for mp0
Tue Sep  1 00:40:20 2015
Quartus II 32-bit Version 13.1.4 Build 182 03/12/2014 SJ Full Version


---------------------
; Table of Contents ;
---------------------
  1. Legal Notice
  2. Flow Summary
  3. Flow Settings
  4. Flow Non-Default Global Settings
  5. Flow Elapsed Time
  6. Flow OS Summary
  7. Flow Log
  8. Flow Messages
  9. Flow Suppressed Messages



----------------
; Legal Notice ;
----------------
Copyright (C) 1991-2014 Altera Corporation
Your use of Altera Corporation's design tools, logic functions 
and other software and tools, and its AMPP partner logic 
functions, and any output files from any of the foregoing 
(including device programming or simulation files), and any 
associated documentation or information are expressly subject 
to the terms and conditions of the Altera Program License 
Subscription Agreement, Altera MegaCore Function License 
Agreement, or other applicable license agreement, including, 
without limitation, that your use is for the sole purpose of 
programming logic devices manufactured by Altera and sold by 
Altera or its authorized distributors.  Please refer to the 
applicable agreement for further details.



+-----------------------------------------------------------------------------+
; Flow Summary                                                                ;
+-------------------------------+---------------------------------------------+
; Flow Status                   ; Successful - Mon Aug 31 23:19:30 2015       ;
; Quartus II 32-bit Version     ; 13.1.4 Build 182 03/12/2014 SJ Full Version ;
; Revision Name                 ; mp0                                         ;
; Top-level Entity Name         ; mp0                                         ;
; Family                        ; Stratix III                                 ;
; Device                        ; EP3SE50F780C2                               ;
; Timing Models                 ; Final                                       ;
; Logic utilization             ; < 1 %                                       ;
;     Combinational ALUTs       ; 184 / 38,000 ( < 1 % )                      ;
;     Memory ALUTs              ; 0 / 19,000 ( 0 % )                          ;
;     Dedicated logic registers ; 208 / 38,000 ( < 1 % )                      ;
; Total registers               ; 208                                         ;
; Total pins                    ; 54 / 488 ( 11 % )                           ;
; Total virtual pins            ; 0                                           ;
; Total block memory bits       ; 0 / 5,455,872 ( 0 % )                       ;
; DSP block 18-bit elements     ; 0 / 384 ( 0 % )                             ;
; Total PLLs                    ; 0 / 4 ( 0 % )                               ;
; Total DLLs                    ; 0 / 4 ( 0 % )                               ;
+-------------------------------+---------------------------------------------+


+-----------------------------------------+
; Flow Settings                           ;
+-------------------+---------------------+
; Option            ; Setting             ;
+-------------------+---------------------+
; Start date & time ; 08/31/2015 23:19:12 ;
; Main task         ; Compilation         ;
; Revision Name     ; mp0                 ;
+-------------------+---------------------+


+-----------------------------------------------------------------------------------------------------------------------+
; Flow Non-Default Global Settings                                                                                      ;
+--------------------------------------+---------------------------------+---------------+-------------+----------------+
; Assignment Name                      ; Value                           ; Default Value ; Entity Name ; Section Id     ;
+--------------------------------------+---------------------------------+---------------+-------------+----------------+
; COMPILER_SIGNATURE_ID                ; 176831338140251.144108115102383 ; --            ; --          ; --             ;
; EDA_DESIGN_INSTANCE_NAME             ; NA                              ; --            ; --          ; mp0_tb         ;
; EDA_NATIVELINK_SIMULATION_TEST_BENCH ; mp0_tb                          ; --            ; --          ; eda_simulation ;
; EDA_OUTPUT_DATA_FORMAT               ; Systemverilog Hdl               ; --            ; --          ; eda_simulation ;
; EDA_SIMULATION_TOOL                  ; ModelSim-Altera (SystemVerilog) ; <None>        ; --          ; --             ;
; EDA_TEST_BENCH_ENABLE_STATUS         ; TEST_BENCH_MODE                 ; --            ; --          ; eda_simulation ;
; EDA_TEST_BENCH_FILE                  ; mp0_tb.sv                       ; --            ; --          ; mp0_tb         ;
; EDA_TEST_BENCH_FILE                  ; magic_memory.sv                 ; --            ; --          ; mp0_tb         ;
; EDA_TEST_BENCH_MODULE_NAME           ; mp0_tb                          ; --            ; --          ; mp0_tb         ;
; EDA_TEST_BENCH_NAME                  ; mp0_tb                          ; --            ; --          ; eda_simulation ;
; EDA_TEST_BENCH_RUN_SIM_FOR           ; 200 ns                          ; --            ; --          ; mp0_tb         ;
; EDA_TIME_SCALE                       ; 1 ps                            ; --            ; --          ; eda_simulation ;
; MAX_CORE_JUNCTION_TEMP               ; 85                              ; --            ; --          ; --             ;
; MIN_CORE_JUNCTION_TEMP               ; 0                               ; --            ; --          ; --             ;
; NOMINAL_CORE_SUPPLY_VOLTAGE          ; 1.1V                            ; --            ; --          ; --             ;
; PARTITION_COLOR                      ; 16764057                        ; --            ; --          ; Top            ;
; PARTITION_FITTER_PRESERVATION_LEVEL  ; PLACEMENT_AND_ROUTING           ; --            ; --          ; Top            ;
; PARTITION_NETLIST_TYPE               ; SOURCE                          ; --            ; --          ; Top            ;
; PROJECT_OUTPUT_DIRECTORY             ; output_files                    ; --            ; --          ; --             ;
+--------------------------------------+---------------------------------+---------------+-------------+----------------+


+-------------------------------------------------------------------------------------------------------------------------------+
; Flow Elapsed Time                                                                                                             ;
+---------------------------+--------------+-------------------------+---------------------+------------------------------------+
; Module Name               ; Elapsed Time ; Average Processors Used ; Peak Virtual Memory ; Total CPU Time (on all processors) ;
+---------------------------+--------------+-------------------------+---------------------+------------------------------------+
; Analysis & Synthesis      ; 00:00:03     ; 1.0                     ; 445 MB              ; 00:00:02                           ;
; Fitter                    ; 00:00:14     ; 1.2                     ; 790 MB              ; 00:00:12                           ;
; TimeQuest Timing Analyzer ; 00:00:04     ; 1.0                     ; 513 MB              ; 00:00:03                           ;
; TimeQuest Timing Analyzer ; 00:00:06     ; 1.0                     ; 474 MB              ; 00:00:03                           ;
; Total                     ; 00:00:27     ; --                      ; --                  ; 00:00:20                           ;
+---------------------------+--------------+-------------------------+---------------------+------------------------------------+


+------------------------------------------------------------------------------------------------------------+
; Flow OS Summary                                                                                            ;
+---------------------------+-------------------------------+------------------+------------+----------------+
; Module Name               ; Machine Hostname              ; OS Name          ; OS Version ; Processor type ;
+---------------------------+-------------------------------+------------------+------------+----------------+
; Analysis & Synthesis      ; eceb-2022-44.ews.illinois.edu ; Scientific Linux ; 6          ; x86_64         ;
; Fitter                    ; eceb-2022-44.ews.illinois.edu ; Scientific Linux ; 6          ; x86_64         ;
; TimeQuest Timing Analyzer ; eceb-2022-44.ews.illinois.edu ; Scientific Linux ; 6          ; x86_64         ;
; TimeQuest Timing Analyzer ; eceb-2022-44.ews.illinois.edu ; Scientific Linux ; 6          ; x86_64         ;
+---------------------------+-------------------------------+------------------+------------+----------------+


------------
; Flow Log ;
------------
quartus_map --read_settings_files=on --write_settings_files=off mp0 -c mp0
quartus_fit --read_settings_files=off --write_settings_files=off mp0 -c mp0
quartus_sta mp0 -c mp0
quartus_sta mp0 -c mp0



