Flow report for mp2
Wed Oct  7 17:38:34 2015
Quartus II 32-bit Version 13.1.4 Build 182 03/12/2014 SJ Full Version


---------------------
; Table of Contents ;
---------------------
  1. Legal Notice
  2. Flow Summary
  3. Flow Settings
  4. Flow Non-Default Global Settings
  5. Flow Elapsed Time
  6. Flow OS Summary
  7. Flow Log
  8. Flow Messages
  9. Flow Suppressed Messages



----------------
; Legal Notice ;
----------------
Copyright (C) 1991-2014 Altera Corporation
Your use of Altera Corporation's design tools, logic functions 
and other software and tools, and its AMPP partner logic 
functions, and any output files from any of the foregoing 
(including device programming or simulation files), and any 
associated documentation or information are expressly subject 
to the terms and conditions of the Altera Program License 
Subscription Agreement, Altera MegaCore Function License 
Agreement, or other applicable license agreement, including, 
without limitation, that your use is for the sole purpose of 
programming logic devices manufactured by Altera and sold by 
Altera or its authorized distributors.  Please refer to the 
applicable agreement for further details.



+-----------------------------------------------------------------------------+
; Flow Summary                                                                ;
+-------------------------------+---------------------------------------------+
; Flow Status                   ; Successful - Wed Oct  7 03:18:11 2015       ;
; Quartus II 32-bit Version     ; 13.1.4 Build 182 03/12/2014 SJ Full Version ;
; Revision Name                 ; mp2                                         ;
; Top-level Entity Name         ; mp2                                         ;
; Family                        ; Stratix III                                 ;
; Device                        ; EP3SE50F780C2                               ;
; Timing Models                 ; Final                                       ;
; Logic utilization             ; 5 %                                         ;
;     Combinational ALUTs       ; 1,554 / 38,000 ( 4 % )                      ;
;     Memory ALUTs              ; 0 / 19,000 ( 0 % )                          ;
;     Dedicated logic registers ; 851 / 38,000 ( 2 % )                        ;
; Total registers               ; 851                                         ;
; Total pins                    ; 276 / 488 ( 57 % )                          ;
; Total virtual pins            ; 0                                           ;
; Total block memory bits       ; 2,192 / 5,455,872 ( < 1 % )                 ;
; DSP block 18-bit elements     ; 0 / 384 ( 0 % )                             ;
; Total PLLs                    ; 0 / 4 ( 0 % )                               ;
; Total DLLs                    ; 0 / 4 ( 0 % )                               ;
+-------------------------------+---------------------------------------------+


+-----------------------------------------+
; Flow Settings                           ;
+-------------------+---------------------+
; Option            ; Setting             ;
+-------------------+---------------------+
; Start date & time ; 10/07/2015 03:16:52 ;
; Main task         ; Compilation         ;
; Revision Name     ; mp2                 ;
+-------------------+---------------------+


+-----------------------------------------------------------------------------------------------------------------------------+
; Flow Non-Default Global Settings                                                                                            ;
+--------------------------------------+---------------------------------------+---------------+-------------+----------------+
; Assignment Name                      ; Value                                 ; Default Value ; Entity Name ; Section Id     ;
+--------------------------------------+---------------------------------------+---------------+-------------+----------------+
; COMPILER_SIGNATURE_ID                ; 141568277330656.144420581215868       ; --            ; --          ; --             ;
; EDA_DESIGN_INSTANCE_NAME             ; NA                                    ; --            ; --          ; mp2_tb         ;
; EDA_NATIVELINK_SIMULATION_TEST_BENCH ; mp2_tb                                ; --            ; --          ; eda_simulation ;
; EDA_OUTPUT_DATA_FORMAT               ; Systemverilog Hdl                     ; --            ; --          ; eda_simulation ;
; EDA_SIMULATION_TOOL                  ; ModelSim-Altera (SystemVerilog)       ; <None>        ; --          ; --             ;
; EDA_TEST_BENCH_ENABLE_STATUS         ; TEST_BENCH_MODE                       ; --            ; --          ; eda_simulation ;
; EDA_TEST_BENCH_FILE                  ; physical_memory.sv                    ; --            ; --          ; mp2_tb         ;
; EDA_TEST_BENCH_FILE                  ; mp2_tb.sv                             ; --            ; --          ; mp2_tb         ;
; EDA_TEST_BENCH_MODULE_NAME           ; mp2_tb                                ; --            ; --          ; mp2_tb         ;
; EDA_TEST_BENCH_NAME                  ; mp2_tb                                ; --            ; --          ; eda_simulation ;
; EDA_TEST_BENCH_RUN_SIM_FOR           ; 200 ns                                ; --            ; --          ; mp2_tb         ;
; EDA_TIME_SCALE                       ; 1 ps                                  ; --            ; --          ; eda_simulation ;
; MAX_CORE_JUNCTION_TEMP               ; 85                                    ; --            ; --          ; --             ;
; MIN_CORE_JUNCTION_TEMP               ; 0                                     ; --            ; --          ; --             ;
; NOMINAL_CORE_SUPPLY_VOLTAGE          ; 1.1V                                  ; --            ; --          ; --             ;
; PARTITION_COLOR                      ; 16764057                              ; --            ; --          ; Top            ;
; PARTITION_FITTER_PRESERVATION_LEVEL  ; PLACEMENT_AND_ROUTING                 ; --            ; --          ; Top            ;
; PARTITION_NETLIST_TYPE               ; SOURCE                                ; --            ; --          ; Top            ;
; POWER_BOARD_THERMAL_MODEL            ; None (CONSERVATIVE)                   ; --            ; --          ; --             ;
; POWER_PRESET_COOLING_SOLUTION        ; 23 MM HEAT SINK WITH 200 LFPM AIRFLOW ; --            ; --          ; --             ;
; PROJECT_OUTPUT_DIRECTORY             ; output_files                          ; --            ; --          ; --             ;
+--------------------------------------+---------------------------------------+---------------+-------------+----------------+


+-------------------------------------------------------------------------------------------------------------------------------+
; Flow Elapsed Time                                                                                                             ;
+---------------------------+--------------+-------------------------+---------------------+------------------------------------+
; Module Name               ; Elapsed Time ; Average Processors Used ; Peak Virtual Memory ; Total CPU Time (on all processors) ;
+---------------------------+--------------+-------------------------+---------------------+------------------------------------+
; Analysis & Synthesis      ; 00:00:11     ; 1.0                     ; 461 MB              ; 00:00:09                           ;
; Fitter                    ; 00:00:33     ; 1.3                     ; 798 MB              ; 00:00:33                           ;
; Assembler                 ; 00:00:05     ; 1.0                     ; 437 MB              ; 00:00:05                           ;
; TimeQuest Timing Analyzer ; 00:00:08     ; 1.4                     ; 528 MB              ; 00:00:05                           ;
; EDA Netlist Writer        ; 00:00:06     ; 1.0                     ; 397 MB              ; 00:00:05                           ;
; TimeQuest Timing Analyzer ; 00:00:17     ; 1.0                     ; 486 MB              ; 00:00:04                           ;
; Total                     ; 00:01:20     ; --                      ; --                  ; 00:01:01                           ;
+---------------------------+--------------+-------------------------+---------------------+------------------------------------+


+------------------------------------------------------------------------------------------------------------+
; Flow OS Summary                                                                                            ;
+---------------------------+-------------------------------+------------------+------------+----------------+
; Module Name               ; Machine Hostname              ; OS Name          ; OS Version ; Processor type ;
+---------------------------+-------------------------------+------------------+------------+----------------+
; Analysis & Synthesis      ; gelib-057-25.ews.illinois.edu ; Scientific Linux ; 6          ; x86_64         ;
; Fitter                    ; gelib-057-25.ews.illinois.edu ; Scientific Linux ; 6          ; x86_64         ;
; Assembler                 ; gelib-057-25.ews.illinois.edu ; Scientific Linux ; 6          ; x86_64         ;
; TimeQuest Timing Analyzer ; gelib-057-25.ews.illinois.edu ; Scientific Linux ; 6          ; x86_64         ;
; EDA Netlist Writer        ; gelib-057-25.ews.illinois.edu ; Scientific Linux ; 6          ; x86_64         ;
; TimeQuest Timing Analyzer ; gelib-057-15.ews.illinois.edu ; Scientific Linux ; 6          ; x86_64         ;
+---------------------------+-------------------------------+------------------+------------+----------------+


------------
; Flow Log ;
------------
quartus_map --read_settings_files=on --write_settings_files=off mp2 -c mp2
quartus_fit --read_settings_files=off --write_settings_files=off mp2 -c mp2
quartus_asm --read_settings_files=off --write_settings_files=off mp2 -c mp2
quartus_sta mp2 -c mp2
quartus_eda --read_settings_files=off --write_settings_files=off mp2 -c mp2
quartus_sta mp2 -c mp2



